<?xml version="1.0" encoding="UTF-8"?>
<testsuites name="jest tests" tests="4" failures="0" time="21.718">
  <testsuite name="Contacts APP" errors="0" failures="0" skipped="0" timestamp="2020-05-08T06:56:04" time="9.751" tests="4">
    <testcase classname="Contacts APP Should render Contact component" name="Contacts APP Should render Contact component" time="0.032">
    </testcase>
    <testcase classname="Contacts APP Should render Contacts component" name="Contacts APP Should render Contacts component" time="0.011">
    </testcase>
    <testcase classname="Contacts APP Should render Filters component" name="Contacts APP Should render Filters component" time="0.054">
    </testcase>
    <testcase classname="Contacts APP Should render Topbar component" name="Contacts APP Should render Topbar component" time="0.008">
    </testcase>
  </testsuite>
</testsuites>